2026-04-15 08:59:16,747 - INFO - Failed to load SSL library: <class 'OSError'> (no library called "ssl" found)
2026-04-15 08:59:16,796 - INFO - cryptg detected, it will be used for encryption
2026-04-15 08:59:17,128 - INFO - Database initialized successfully
2026-04-15 08:59:22,651 - INFO - MT5 initialized successfully
2026-04-15 08:59:22,651 - INFO - Telegram Copy Trader Started
2026-04-15 08:59:22,654 - INFO - Connecting to 149.154.167.92:443/TcpFull...
2026-04-15 08:59:22,724 - INFO - Connection to 149.154.167.92:443/TcpFull complete!
2026-04-15 08:59:23,652 - INFO - Connected to channel: Copy_trading_
2026-04-15 08:59:23,654 - INFO - Telegram listener handler registered
2026-04-15 08:59:23,654 - INFO - Telegram listener started
2026-04-15 09:00:53,935 - INFO - New message received: VIP
Gold Sell limit @4721.5
SL \U0001f534 4800.3

TP1 4815.7 (1:1)
TP2 4820.9 (1:2)
TP3 4825.1 (1:3)
Final TP 4830(1:4)

\u26a1\ufe0f Risk Management: Close 50% at TP1 or move SL to Break Even
and let the rest run to higher TPs.
2026-04-15 09:00:53,964 - INFO - Resolved broker symbol XAUUSD -> XAUUSDm
2026-04-15 09:00:53,964 - INFO - Discarding invalid TP levels for sell at reference_entry=4721.5: invalid_tps=[4815.7, 4820.9, 4825.1]
2026-04-15 09:00:53,964 - INFO - No valid take-profit levels remain for XAUUSDm sell at entry_reference=4721.5. Aborting trade.
2026-04-15 09:02:21,495 - INFO - New message received: VIP
Gold Sell limit @4721.5
SL \U0001f534 4815.3

TP1 4805.7 (1:1)
TP2 4800.9 (1:2)
TP3 4795.1 (1:3)
Final TP 4790(1:4)

\u26a1\ufe0f Risk Management: Close 50% at TP1 or move SL to Break Even
and let the rest run to higher TPs.
2026-04-15 09:02:21,497 - INFO - Discarding invalid TP levels for sell at reference_entry=4721.5: invalid_tps=[4805.7, 4800.9, 4795.1]
2026-04-15 09:02:21,498 - INFO - No valid take-profit levels remain for XAUUSDm sell at entry_reference=4721.5. Aborting trade.
2026-04-15 09:03:08,507 - INFO - New message received: VIP
Gold Sell limit 
SL \U0001f534 4815.3

TP1 4805.7 (1:1)
TP2 4800.9 (1:2)
TP3 4795.1 (1:3)
Final TP 4790(1:4)

\u26a1\ufe0f Risk Management: Close 50% at TP1 or move SL to Break Even
and let the rest run to higher TPs.
2026-04-15 09:03:08,509 - INFO - No entry price provided for LIMIT XAUUSD. Aborting trade.
2026-04-15 09:03:49,631 - INFO - New message received: VIP
Gold Sell 
SL \U0001f534 4815.3

TP1 4805.7 (1:1)
TP2 4800.9 (1:2)
TP3 4795.1 (1:3)
Final TP 4790(1:4)

\u26a1\ufe0f Risk Management: Close 50% at TP1 or move SL to Break Even
and let the rest run to higher TPs.
2026-04-15 09:03:49,633 - INFO - Planned VIP sizing for XAUUSDm sell: risk_total_lot=0.3100, margin_total_lot=0.3100, planned_total_lot=0.0600, per_position_lot=0.0200, desired_slots=3, affordable_slots=3
2026-04-15 09:03:49,634 - INFO - Executing VIP market trade XAUUSDm sell: planned_total_lot=0.0600, entry_reference=4809.467, positions=3, used_tps=[4805.7, 4800.9, 4795.1], sl=4815.3, per_position_lot=0.0200
2026-04-15 09:03:49,634 - INFO - Opening batch slot for XAUUSDm sell lot=0.0200 TP=4805.7 SL=4815.3 remaining_slots=3
2026-04-15 09:03:49,889 - INFO - Order executed XAUUSDm SELL
2026-04-15 09:03:49,890 - INFO - Opening batch slot for XAUUSDm sell lot=0.0200 TP=4800.9 SL=4815.3 remaining_slots=2
2026-04-15 09:03:50,154 - INFO - Order executed XAUUSDm SELL
2026-04-15 09:03:50,155 - INFO - Opening batch slot for XAUUSDm sell lot=0.0200 TP=4795.1 SL=4815.3 remaining_slots=1
2026-04-15 09:03:50,413 - INFO - Order executed XAUUSDm SELL
2026-04-15 09:03:51,414 - INFO - Break-even monitor started for XAUUSDm sell. first_trigger=4805.7
2026-04-15 09:05:25,441 - INFO - Break-even monitor for XAUUSDm stopped: no open positions.
2026-04-15 09:07:03,082 - INFO - New message received: VIP
Gold Buy limit @4810
SL \U0001f534 4800.3

TP1 4815.7 (1:1)
TP2 4820.9 (1:2)
TP3 4825.1 (1:3)
Final TP 4830(1:4)

\u26a1\ufe0f Risk Management: Close 50% at TP1 or move SL to Break Even
and let the rest run to higher TPs.
2026-04-15 09:07:03,083 - INFO - Planned VIP sizing for XAUUSDm buy: risk_total_lot=0.1800, margin_total_lot=0.1800, planned_total_lot=0.0600, per_position_lot=0.0200, desired_slots=3, affordable_slots=3
2026-04-15 09:07:03,084 - INFO - Placing VIP limit trade XAUUSDm buy: planned_total_lot=0.0600, entry_reference=4810.0, positions=3, used_tps=[4815.7, 4820.9, 4825.1], sl=4800.3, per_position_lot=0.0200
2026-04-15 09:07:03,086 - INFO - Pending order failed for XAUUSDm BUY: OrderSendResult(retcode=10015, deal=0, order=0, volume=0.0, price=0.0, bid=0.0, ask=0.0, comment='Invalid price', request_id=0, retcode_external=0, request=TradeRequest(action=5, magic=123456, order=0, symbol='XAUUSDm', volume=0.02, price=4810.0, stoplimit=0.0, sl=4800.3, tp=4815.7, deviation=20, type=2, type_filling=2, type_time=0, expiration=0, comment='telegram_pending_trade', position=0, position_by=0))
2026-04-15 09:07:03,086 - INFO - No limit orders placed for XAUUSDm due to risk/margin constraints.
2026-04-15 09:09:23,335 - INFO - Disconnecting from 149.154.167.92:443/TcpFull...
2026-04-15 09:09:23,336 - INFO - Disconnection from 149.154.167.92:443/TcpFull complete!
2026-04-15 09:09:23,347 - INFO - System stopped by user.
2026-04-15 09:09:28,557 - INFO - Failed to load SSL library: <class 'OSError'> (no library called "ssl" found)
2026-04-15 09:09:28,562 - INFO - cryptg detected, it will be used for encryption
2026-04-15 09:09:28,912 - INFO - Database initialized successfully
2026-04-15 09:09:28,925 - INFO - MT5 initialized successfully
2026-04-15 09:09:28,926 - INFO - Telegram Copy Trader Started
2026-04-15 09:09:28,928 - INFO - Connecting to 149.154.167.92:443/TcpFull...
2026-04-15 09:09:29,008 - INFO - Connection to 149.154.167.92:443/TcpFull complete!
2026-04-15 09:09:29,942 - INFO - Connected to channel: Copy_trading_
2026-04-15 09:09:29,942 - INFO - Telegram listener handler registered
2026-04-15 09:09:29,943 - INFO - Telegram listener started
2026-04-15 09:09:46,115 - INFO - New message received: VIP
Gold Buy limit @4812
SL \U0001f534 4800.3

TP1 4815.7 (1:1)
TP2 4820.9 (1:2)
TP3 4825.1 (1:3)
Final TP 4830(1:4)

\u26a1\ufe0f Risk Management: Close 50% at TP1 or move SL to Break Even
and let the rest run to higher TPs.
2026-04-15 09:09:46,122 - INFO - Resolved broker symbol XAUUSD -> XAUUSDm
2026-04-15 09:09:46,123 - INFO - Planned VIP sizing for XAUUSDm buy: risk_total_lot=0.1500, margin_total_lot=0.1500, planned_total_lot=0.0300, per_position_lot=0.0100, desired_slots=3, affordable_slots=3
2026-04-15 09:09:46,123 - INFO - Placing VIP limit trade XAUUSDm buy: planned_total_lot=0.0300, entry_reference=4812.0, positions=3, used_tps=[4815.7, 4820.9, 4825.1], sl=4800.3, per_position_lot=0.0100
2026-04-15 09:09:46,124 - INFO - Pending order failed for XAUUSDm BUY: OrderSendResult(retcode=10015, deal=0, order=0, volume=0.0, price=0.0, bid=0.0, ask=0.0, comment='Invalid price', request_id=0, retcode_external=0, request=TradeRequest(action=5, magic=123456, order=0, symbol='XAUUSDm', volume=0.01, price=4812.0, stoplimit=0.0, sl=4800.3, tp=4815.7, deviation=20, type=2, type_filling=2, type_time=0, expiration=0, comment='telegram_pending_trade', position=0, position_by=0))
2026-04-15 09:09:46,124 - INFO - No limit orders placed for XAUUSDm due to risk/margin constraints.
2026-04-15 09:11:16,507 - INFO - New message received: VIP
Gold Buy limit @4810
SL \U0001f534 4800.3

TP1 4815.7 (1:1)
TP2 4820.9 (1:2)
TP3 4825.1 (1:3)
Final TP 4830(1:4)

\u26a1\ufe0f Risk Management: Close 50% at TP1 or move SL to Break Even
and let the rest run to higher TPs.
2026-04-15 09:11:16,508 - INFO - Planned VIP sizing for XAUUSDm buy: risk_total_lot=0.1800, margin_total_lot=0.1800, planned_total_lot=0.0300, per_position_lot=0.0100, desired_slots=3, affordable_slots=3
2026-04-15 09:11:16,509 - INFO - Placing VIP limit trade XAUUSDm buy: planned_total_lot=0.0300, entry_reference=4810.0, positions=3, used_tps=[4815.7, 4820.9, 4825.1], sl=4800.3, per_position_lot=0.0100
2026-04-15 09:11:16,772 - INFO - Pending order placed for XAUUSDm BUY at 4810.0 with sl=4800.3 tp=4815.7
2026-04-15 09:11:17,042 - INFO - Pending order placed for XAUUSDm BUY at 4810.0 with sl=4800.3 tp=4820.9
2026-04-15 09:11:17,285 - INFO - Pending order placed for XAUUSDm BUY at 4810.0 with sl=4800.3 tp=4825.1
2026-04-15 09:11:17,286 - INFO - Pending activation monitor started for XAUUSDm buy. pending_orders=[2636369003, 2636369017, 2636369026], first_trigger=4815.7, reference_entry=4810.0, pending_cancel_reference=None
2026-04-15 09:11:43,298 - INFO - Pending activation monitor for XAUUSDm buy stopped: no triggered or pending orders remain.
2026-04-15 09:12:17,484 - INFO - New message received: VIP
Gold Sell limit @4814
SL \U0001f534 4820.3

TP1 4810.7 (1:1)
TP2 4805.9 (1:2)
TP3 4800.1 (1:3)
Final TP 4830(1:4)

\u26a1\ufe0f Risk Management: Close 50% at TP1 or move SL to Break Even
and let the rest run to higher TPs.
2026-04-15 09:12:17,485 - INFO - Planned VIP sizing for XAUUSDm sell: risk_total_lot=0.2800, margin_total_lot=0.2800, planned_total_lot=0.0300, per_position_lot=0.0100, desired_slots=3, affordable_slots=3
2026-04-15 09:12:17,485 - INFO - Placing VIP limit trade XAUUSDm sell: planned_total_lot=0.0300, entry_reference=4814.0, positions=3, used_tps=[4810.7, 4805.9, 4800.1], sl=4820.3, per_position_lot=0.0100
2026-04-15 09:12:17,754 - INFO - Pending order placed for XAUUSDm SELL at 4814.0 with sl=4820.3 tp=4810.7
2026-04-15 09:12:18,019 - INFO - Pending order placed for XAUUSDm SELL at 4814.0 with sl=4820.3 tp=4805.9
2026-04-15 09:12:18,270 - INFO - Pending order placed for XAUUSDm SELL at 4814.0 with sl=4820.3 tp=4800.1
2026-04-15 09:12:18,271 - INFO - Pending activation monitor started for XAUUSDm sell. pending_orders=[2636374180, 2636374195, 2636374233], first_trigger=4810.7, reference_entry=4814.0, pending_cancel_reference=None
2026-04-15 09:12:30,276 - INFO - Pending activation monitor for XAUUSDm sell stopped: no triggered or pending orders remain.
2026-04-15 09:12:42,813 - INFO - New message received: VIP
Gold Sell limit @4814
SL \U0001f534 4820.3

TP1 4810.7 (1:1)
Final TP 4830(1:4)

\u26a1\ufe0f Risk Management: Close 50% at TP1 or move SL to Break Even
and let the rest run to higher TPs.
2026-04-15 09:12:42,814 - INFO - Discarding invalid TP levels for sell at reference_entry=4814.0: invalid_tps=[4830.0]
2026-04-15 09:12:42,814 - INFO - Planned VIP sizing for XAUUSDm sell: risk_total_lot=0.2800, margin_total_lot=0.2800, planned_total_lot=0.0100, per_position_lot=0.0100, desired_slots=1, affordable_slots=1
2026-04-15 09:12:42,815 - INFO - Placing VIP limit trade XAUUSDm sell: planned_total_lot=0.0100, entry_reference=4814.0, positions=1, used_tps=[4810.7], sl=4820.3, per_position_lot=0.0100
2026-04-15 09:12:43,070 - INFO - Pending order placed for XAUUSDm SELL at 4814.0 with sl=4820.3 tp=4810.7
2026-04-15 09:12:43,071 - INFO - Pending activation monitor started for XAUUSDm sell. pending_orders=[2636376006], first_trigger=4810.7, reference_entry=4814.0, pending_cancel_reference=None
2026-04-15 09:13:23,087 - INFO - Pending activation monitor for XAUUSDm sell stopped: no triggered or pending orders remain.
2026-04-15 09:13:25,885 - INFO - New message received: VIP
Gold Sell limit @4814
SL \U0001f534 4820.3

TP1 4810.7 (1:1)
Final TP 4805(1:4)

\u26a1\ufe0f Risk Management: Close 50% at TP1 or move SL to Break Even
and let the rest run to higher TPs.
2026-04-15 09:13:25,886 - INFO - Planned VIP sizing for XAUUSDm sell: risk_total_lot=0.2800, margin_total_lot=0.2800, planned_total_lot=0.0200, per_position_lot=0.0100, desired_slots=2, affordable_slots=2
2026-04-15 09:13:25,887 - INFO - Placing VIP limit trade XAUUSDm sell: planned_total_lot=0.0200, entry_reference=4814.0, positions=2, used_tps=[4810.7, 4805.0], sl=4820.3, per_position_lot=0.0100
2026-04-15 09:13:26,145 - INFO - Pending order placed for XAUUSDm SELL at 4814.0 with sl=4820.3 tp=4810.7
2026-04-15 09:13:26,387 - INFO - Pending order placed for XAUUSDm SELL at 4814.0 with sl=4820.3 tp=4805.0
2026-04-15 09:13:26,389 - INFO - Pending activation monitor started for XAUUSDm sell. pending_orders=[2636379277, 2636379302], first_trigger=4810.7, reference_entry=4814.0, pending_cancel_reference=None
2026-04-15 09:13:50,401 - INFO - Pending activation monitor for XAUUSDm sell stopped: no triggered or pending orders remain.
2026-04-15 09:14:15,436 - INFO - New message received: VIP
Gold Sell 
SL \U0001f534 4820.3

TP1 4810.7 (1:1)
Final TP 4805(1:4)

\u26a1\ufe0f Risk Management: Close 50% at TP1 or move SL to Break Even
and let the rest run to higher TPs.
2026-04-15 09:14:15,437 - INFO - Planned VIP sizing for XAUUSDm sell: risk_total_lot=0.3500, margin_total_lot=0.3500, planned_total_lot=0.0200, per_position_lot=0.0100, desired_slots=2, affordable_slots=2
2026-04-15 09:14:15,438 - INFO - Executing VIP market trade XAUUSDm sell: planned_total_lot=0.0200, entry_reference=4815.286, positions=2, used_tps=[4810.7, 4805.0], sl=4820.3, per_position_lot=0.0100
2026-04-15 09:14:15,438 - INFO - Opening batch slot for XAUUSDm sell lot=0.0100 TP=4810.7 SL=4820.3 remaining_slots=2
2026-04-15 09:14:15,690 - INFO - Order executed XAUUSDm SELL
2026-04-15 09:14:15,692 - INFO - Opening batch slot for XAUUSDm sell lot=0.0100 TP=4805.0 SL=4820.3 remaining_slots=1
2026-04-15 09:14:15,959 - INFO - Order executed XAUUSDm SELL
2026-04-15 09:14:16,960 - INFO - Break-even monitor started for XAUUSDm sell. first_trigger=4810.7
2026-04-15 09:14:44,970 - INFO - Break-even monitor for XAUUSDm stopped: no open positions.
2026-04-15 09:15:01,633 - INFO - New message received: VIP
Gold Buy 
SL \U0001f534 4800.3

TP2 4820.9 (1:2)
TP3 4825.1 (1:3)
Final TP 4830(1:4)

\u26a1\ufe0f Risk Management: Close 50% at TP1 or move SL to Break Even
and let the rest run to higher TPs.
2026-04-15 09:15:01,634 - INFO - Planned VIP sizing for XAUUSDm buy: risk_total_lot=0.1100, margin_total_lot=0.1100, planned_total_lot=0.0300, per_position_lot=0.0100, desired_slots=3, affordable_slots=3
2026-04-15 09:15:01,634 - INFO - Executing VIP market trade XAUUSDm buy: planned_total_lot=0.0300, entry_reference=4816.055, positions=3, used_tps=[4820.9, 4825.1, 4830.0], sl=4800.3, per_position_lot=0.0100
2026-04-15 09:15:01,635 - INFO - Opening batch slot for XAUUSDm buy lot=0.0100 TP=4820.9 SL=4800.3 remaining_slots=3
2026-04-15 09:15:01,885 - INFO - Order executed XAUUSDm BUY
2026-04-15 09:15:01,886 - INFO - Opening batch slot for XAUUSDm buy lot=0.0100 TP=4825.1 SL=4800.3 remaining_slots=2
2026-04-15 09:15:02,137 - INFO - Order executed XAUUSDm BUY
2026-04-15 09:15:02,140 - INFO - Opening batch slot for XAUUSDm buy lot=0.0100 TP=4830.0 SL=4800.3 remaining_slots=1
2026-04-15 09:15:02,393 - INFO - Order executed XAUUSDm BUY
2026-04-15 09:15:03,395 - INFO - Break-even monitor started for XAUUSDm buy. first_trigger=4820.9
2026-04-15 09:15:53,413 - INFO - Break-even monitor for XAUUSDm stopped: no open positions.
2026-04-15 09:16:29,071 - INFO - Disconnecting from 149.154.167.92:443/TcpFull...
2026-04-15 09:16:29,072 - INFO - Disconnection from 149.154.167.92:443/TcpFull complete!
2026-04-15 09:16:29,078 - INFO - System stopped by user.
2026-04-15 09:16:35,125 - INFO - Failed to load SSL library: <class 'OSError'> (no library called "ssl" found)
2026-04-15 09:16:35,128 - INFO - cryptg detected, it will be used for encryption
2026-04-15 09:16:35,421 - INFO - Database initialized successfully
2026-04-15 09:16:35,435 - INFO - MT5 initialized successfully
2026-04-15 09:16:35,435 - INFO - Telegram Copy Trader Started
2026-04-15 09:16:35,436 - INFO - Connecting to 149.154.167.92:443/TcpFull...
2026-04-15 09:16:35,518 - INFO - Connection to 149.154.167.92:443/TcpFull complete!
2026-04-15 09:16:36,477 - INFO - Connected to channel: Copy_trading_
2026-04-15 09:16:36,478 - INFO - Telegram listener handler registered
2026-04-15 09:16:36,478 - INFO - Telegram listener started
2026-04-15 09:16:43,388 - INFO - Disconnecting from 149.154.167.92:443/TcpFull...
2026-04-15 09:16:43,388 - INFO - Disconnection from 149.154.167.92:443/TcpFull complete!
2026-04-15 09:16:43,395 - INFO - System stopped by user.
2026-04-15 09:16:57,263 - INFO - Failed to load SSL library: <class 'OSError'> (no library called "ssl" found)
2026-04-15 09:16:57,266 - INFO - cryptg detected, it will be used for encryption
2026-04-15 09:16:57,562 - INFO - Database initialized successfully
2026-04-15 09:16:57,573 - INFO - MT5 initialized successfully
2026-04-15 09:16:57,573 - INFO - Telegram Copy Trader Started
2026-04-15 09:16:57,577 - INFO - Connecting to 149.154.167.92:443/TcpFull...
2026-04-15 09:16:57,680 - INFO - Connection to 149.154.167.92:443/TcpFull complete!
2026-04-15 09:16:58,550 - INFO - Connected to channel: VIP
2026-04-15 09:16:58,550 - INFO - Telegram listener handler registered
2026-04-15 09:16:58,550 - INFO - Telegram listener started
2026-04-15 09:17:06,793 - INFO - Disconnecting from 149.154.167.92:443/TcpFull...
2026-04-15 09:17:06,795 - INFO - Disconnection from 149.154.167.92:443/TcpFull complete!
2026-04-15 09:17:06,805 - INFO - System stopped by user.
