2026-03-26 00:03:00,571 - INFO - Failed to load SSL library: <class 'OSError'> (no library called "ssl" found)
2026-03-26 00:03:00,619 - INFO - cryptg detected, it will be used for encryption
2026-03-26 00:03:00,960 - INFO - Database initialized successfully
2026-03-26 00:03:00,996 - INFO - MT5 initialized successfully
2026-03-26 00:03:00,996 - INFO - Telegram Copy Trader Started
2026-03-26 00:03:00,998 - INFO - Connecting to 149.154.167.92:443/TcpFull...
2026-03-26 00:03:01,499 - INFO - Connection to 149.154.167.92:443/TcpFull complete!
2026-03-26 00:03:03,803 - INFO - Connected to channel: 100$ to 30000$ year 2026
2026-03-26 00:03:03,804 - INFO - Telegram listener handler registered
2026-03-26 00:03:03,804 - INFO - Telegram listener started
2026-03-26 01:04:03,743 - INFO - Closing current connection to begin reconnect...
2026-03-26 01:04:03,745 - INFO - Connecting to 149.154.167.92:443/TcpFull...
2026-03-26 01:04:03,763 - INFO - Connection to 149.154.167.92:443/TcpFull complete!
2026-03-26 01:07:03,856 - WARNING - Server closed the connection: 0 bytes read on a total of 8 expected bytes
2026-03-26 01:07:03,856 - INFO - Connection closed while receiving data: 0 bytes read on a total of 8 expected bytes
2026-03-26 01:07:03,857 - INFO - Closing current connection to begin reconnect...
2026-03-26 01:07:03,857 - INFO - Connecting to 149.154.167.92:443/TcpFull...
2026-03-26 01:07:03,871 - INFO - Connection to 149.154.167.92:443/TcpFull complete!
2026-03-26 03:34:07,964 - INFO - Got difference for account updates
2026-03-26 03:49:08,055 - INFO - Got difference for account updates
2026-03-26 04:04:08,152 - INFO - Got difference for account updates
2026-03-26 07:34:10,842 - INFO - Got difference for account updates
2026-03-26 07:49:10,947 - INFO - Got difference for account updates
2026-03-26 08:04:11,044 - INFO - Got difference for account updates
2026-03-26 08:18:33,412 - INFO - New message received: Good morning Family 


\u2705 The purpose of this challenge is everyone to make money 
I don’t want us to lose this our last week but I don’t like what I see on the market
\u2705  I have to finish the challenge today 
\u2705 I appreciate everyone who joined this challenge and congratulations to everyone 


\u2705 Don’t forget there is 3 more challenges this year 
\u2705 We going to make so much money together 
\u2705 we make over 100+ people Ethiopian millionaires in this challenge already 
\u2705 we will achieve 500+ millionaires for 2026 that will be big history 
\u2705 it’s my dream to build 500+ millionaires and we will do it 


\u2705 congratulations again I see so many people life changed through this month

\u2705 if you want interview with me talk to my team and the will arrange for you to be chosen for copy trading 

Note: please take your place for next challenge now I might do it live to prevent people is sharing my trades on different platforms!!!!



Until we meet each other again bye bye family
2026-03-26 08:18:33,516 - INFO - Relay channel connected: Copy_trading_
2026-03-26 08:18:33,665 - INFO - Forwarded IGNORE message to relay channel
2026-03-26 08:19:11,143 - INFO - Got difference for account updates
2026-03-26 08:49:11,665 - INFO - Got difference for channel 1283049346 updates
