2026-03-19 07:31:36,516 - INFO - Failed to load SSL library: <class 'OSError'> (no library called "ssl" found)
2026-03-19 07:31:36,517 - INFO - cryptg module not installed and libssl not found, falling back to (slower) Python encryption
2026-03-19 07:31:36,802 - INFO - Database initialized successfully
2026-03-19 07:31:36,825 - INFO - MT5 initialized successfully
2026-03-19 07:31:36,825 - INFO - Telegram Copy Trader Started
2026-03-19 07:31:36,829 - INFO - Connecting to 149.154.167.92:443/TcpFull...
2026-03-19 07:31:36,854 - INFO - Connection to 149.154.167.92:443/TcpFull complete!
2026-03-19 07:31:37,401 - INFO - Connected to channel: 100$ to 30000$ year 2026
2026-03-19 07:31:37,405 - INFO - Telegram listener handler registered
2026-03-19 07:31:37,406 - INFO - Telegram listener started
2026-03-19 07:35:13,865 - INFO - New message received: \u2705 Our 8th TP successfully hit \u2705 

COPY TRADERS check your account SET TP AND SL 
Others make sure you  follow my instructions well
2026-03-19 07:35:56,173 - INFO - New message received: GOD is good 
We did again as always 
I’m watching the results you guys sending 
#Rrrrrrraaaaaaaaaaa 
Insane
2026-03-19 07:38:25,407 - INFO - New message received: I just made over $10k in one trade \U0001f92f. This is crazy!! My first entry hit BE but I am glad I got in again. Big thank you to the Marshal!!
2026-03-19 07:46:58,711 - INFO - New message received: \u2705 Our 9th TP successfully hit \u2705 

COPY TRADERS check your account SET TP AND SL 
Others make sure you  follow my instructions well
2026-03-19 07:47:27,206 - INFO - New message received: \u2705 Our 10th TP successfully hit \u2705 

COPY TRADERS check your account SET TP AND SL 
Others make sure you  follow my instructions well
2026-03-19 07:48:25,015 - INFO - New message received: 900 pips in profit
2026-03-19 07:49:44,113 - INFO - New message received: Close all
2026-03-19 07:54:56,033 - INFO - New message received: This is what I do this
2026-03-19 07:54:56,160 - INFO - New message received: Ab endt neh, ewnt egziabhern bhiwote haylegna chnket wst neberku miste erguz nat zare nbr keterowa mnm ngr eje lay alnbrem btam techenke dgame lememoker yasgbahutn 50$ lmawtat eyasbku nw zare ydrsklgn fetari wuletahn yikfelh yhe lene ke betm kemekinam belay nw benem be balebetem be mimetawm lije sm amesegenhalw yante yileyal mariamn fetari yakbrh
2026-03-19 07:54:56,173 - INFO - New message received: 
2026-03-19 07:54:56,275 - INFO - New message received: 
2026-03-19 07:55:34,304 - INFO - New message received: marshall betam new mamesegnew ehe hulu bante new egziabher ybarkek yebzu sew life bante eyetelewete new  i want the interview to thank you in face time  yimechesh gashe\U0001f525\U0001f525\U0001f525
2026-03-19 08:02:16,538 - INFO - New message received: Today, I was able to withdraw 120,000 ETB… and it means everything to me. Living in Dubai is not easy it’s hard to survive and make money here. This moment gave me real hope. Thank you, Ab Marshal and the support team this belongs to my mom, and she is so thankful too.
My mother sacrificed everything for me and my sister. As the first son, I carry that responsibility every day. I’m not chasing success for myself I’m fighting to change her life.
I would truly appreciate the chance to be part of this interview and the copy trading program. I’m ready to learn, stay disciplined, and prove that transformation is real.
2026-03-19 08:02:16,560 - INFO - New message received: 
2026-03-19 08:02:16,609 - INFO - New message received: 
2026-03-19 08:02:42,604 - INFO - New message received: I start for the 5th time from 100 before yesterday i learn my lesson my guy... Now we are making it big respect to Ab\U0001f64f\U0001f64f\U0001f64fit is just a begining.... To be continued \U0001f601\U0001f601\U0001f601
2026-03-19 08:03:38,573 - INFO - Got difference for channel 1799443074 updates
2026-03-19 08:08:41,629 - INFO - New message received: Telyalhhhhhhh AB marshal.
2026-03-19 08:10:08,041 - INFO - New message received: Ere gashe min gud new yemjemeriyaw sew negn hospital hogne genezeb eyserahu yak hut
2026-03-19 08:16:10,505 - INFO - New message received: \u1230\u120b\u121d, AB marshall and support teams. \u12a5\u1294 \u1275\u122c\u12f2\u1295\u130d \u12a8\u1300\u1218\u122d\u12a9 3 \u12a0\u1218\u1275 \u1206\u1290\u129d 12 \u12ad\u134d\u120d \u12a5\u1295\u12f0\u1328\u1228\u1235\u12a9 bachelor’s degree \u1208\u1218\u121b\u122d \u12c8\u12f0 Europe,Malta apply \u12a0\u12f0\u1228\u12a9 \u12a5\u1293\u1274\u121d \u12e8\u121a\u12eb\u1235\u1348\u120d\u1308\u12cd\u1295 \u1265\u122d \u1208 process \u12a5\u1293 \u1208 tuition fee \u1260 \u12a5\u1294 \u12a0\u12ab\u12c9\u1295\u1275 \u12a0\u1235\u1308\u1263\u127d\u120d\u129d \u12a5\u1293\u121d \u1260\u1275\u1295\u1238 loss \u12e8\u1300\u1218\u1228\u12cd \u1200\u1209\u1295\u121d \u1308\u1295\u12d8\u1265 \u12a5\u1235\u12a8 \u121b\u1323\u1275 \u12f0\u1228\u1235\u12a9 \u12e8\u121b\u12f0\u122d\u1308\u12cd \u1320\u134b\u1265\u129d acceptance letter \u1218\u1323\u120d\u129d \u130d\u1295 \u1201\u1209\u1295\u121d \u1265\u122d \u12a0\u1325\u127c\u12cd \u1290\u1260\u122d \u1208 \u12a5\u1293\u1274\u121d \u12e8\u121d\u120b\u1275\u1295 \u12a0\u1323\u12c8 2 \u12a0\u1218\u1275 \u12a8\u1263\u12f5 \u1231\u1235 \u12cd\u1235\u1325 \u12c8\u12f0\u12a9 \u1260\u1205\u12ed\u12c8\u1275 \u1218\u1296\u122d \u12a0\u120d\u1348\u120d\u130d\u121d \u1290\u1260\u122d \u12ad\u134d\u120c \u12cd\u1235\u1325 \u1240\u1291\u1295 \u1219\u1209 \u12a5\u12eb\u12e8\u1201\u1275 \u12ed\u1218\u123b\u120d \u12ed\u1290\u130b\u120d \u1260\u1218\u1328\u1228\u123b \u12e8 AB marshall \u12a8 100 -30,000$ join \u12a0\u12f0\u1228\u12a9\u129d \u1260\u1205\u12c8\u1274 \u1270\u12ad\u12ad\u1208\u129b \u12cd\u1233\u1294 \u1290\u1260\u122d \u12db\u122c \u12a5\u12da\u1205 \u12f0\u122d\u123b\u1208\u1201 \u12e8\u1218\u1296\u122d \u1270\u1235\u134b\u1295 \u12a0\u1308\u1298\u1201 \u1208 \u12a5\u1293\u1274\u121d \u1219\u1209 \u1265\u1229\u1295 550,000 ETB \u1218\u120d\u123c \u12ed\u1204 \u12a0\u12ab\u12cd\u1295\u1274 \u120b\u12ed \u12e8\u1240\u1228\u12cd \u12ed\u1204 \u1290\u12cd  \u130c\u1273 \u1260 AB marshall \u1270\u1320\u1245\u121e \u1208 \u12a5\u1294 \u12f0\u122d\u1236\u120d\u129b\u120d AB \u1260\u1204\u12f5\u12ad\u1260\u1275 \u1201\u1209 \u1218\u1295\u1308\u12f5\u1205 \u12ed\u1245\u1293, \u1290\u1308\u1235\u1273\u1275 \u12ed\u1273\u12d9\u1205, \u12e8\u1290\u12ab\u1200\u12cd \u12ed\u1208\u121d\u120d\u121d \u12a8\u12da\u1205\u121d \u1260\u120b\u12ed \u130c\u1273 \u12eb\u1265\u12db\u1205 I don’t know what to say but i am so grateful \u1208\u1206\u1290\u120d\u129d \u1290\u1308\u122d, 
\u12a0\u1201\u1295\u121d \u130c\u1273 \u1260\u134a\u1275\u1205 \u121e\u1308\u1235 \u1262\u1230\u1320\u129d \u12a5\u1293 \u1240\u1323\u12e9\u1295 copy trade challenge join \u1263\u12f0\u122d\u130d \u12a5\u1305\u130d \u12f0\u1235 \u12ed\u1208\u129b\u120d
2026-03-19 08:16:10,514 - INFO - New message received: 
2026-03-19 08:16:30,830 - INFO - Got difference for channel 1799443074 updates
2026-03-19 08:16:37,502 - INFO - Got difference for account updates
2026-03-19 08:35:52,018 - INFO - New message received: Congratulations ma guy for your graduation am glad I’m helped
2026-03-19 08:35:52,159 - INFO - New message received: Ab emebrhen ttebkh kdame mrkate new debrebirhan university  ena beteseb lalemascheger lalmerek neber gn bante mknyat lmerek new zare 150 usd withdraw adrge kdame new mrkat lene desta endesetehegn lantem hulet desta kante lay aytfa \U0001f393\U0001f393\U0001f393copy trade \U0001f64f\U0001f64f
2026-03-19 08:36:18,998 - INFO - New message received: Ab wellahi accounten 2 gize nw yatahut berase mekenyat gn no no yelem tesfa mekuret ab enasakawalen des belognal becha ab Allah yasebkewen hulu yasakalek bro kalat yelegnem amesgnalew
2026-03-19 08:37:11,419 - INFO - Got difference for channel 3807191422 updates
2026-03-19 08:44:20,678 - INFO - Disconnecting from 149.154.167.92:443/TcpFull...
2026-03-19 08:44:20,680 - INFO - Disconnection from 149.154.167.92:443/TcpFull complete!
2026-03-19 08:44:20,693 - INFO - System stopped by user.
2026-03-19 08:44:27,799 - INFO - Failed to load SSL library: <class 'OSError'> (no library called "ssl" found)
2026-03-19 08:44:27,800 - INFO - cryptg module not installed and libssl not found, falling back to (slower) Python encryption
2026-03-19 08:44:28,217 - INFO - Database initialized successfully
2026-03-19 08:44:28,244 - INFO - MT5 initialized successfully
2026-03-19 08:44:28,244 - INFO - Telegram Copy Trader Started
2026-03-19 08:44:28,246 - INFO - Connecting to 149.154.167.92:443/TcpFull...
2026-03-19 08:44:28,254 - INFO - Connection to 149.154.167.92:443/TcpFull complete!
2026-03-19 08:44:28,779 - INFO - Connected to channel: 100$ to 30000$ year 2026
2026-03-19 08:44:28,779 - INFO - Telegram listener handler registered
2026-03-19 08:44:28,779 - INFO - Telegram listener started
