2026-03-11 06:57:29,404 - INFO - MT5 initialized successfully
2026-03-11 06:57:29,405 - INFO - MT5 initialized successfully.
2026-03-11 06:57:29,405 - INFO - Runner position has been enabled via UI.
2026-03-11 06:57:32,354 - INFO - Listener thread started.
2026-03-11 06:57:32,356 - INFO - Connecting to 149.154.167.92:443/TcpFull...
2026-03-11 06:57:32,612 - INFO - Connection to 149.154.167.92:443/TcpFull complete!
2026-03-11 06:57:34,446 - INFO - Connected to channel: Demo_trading_trial
2026-03-11 06:57:34,447 - INFO - Telegram listener started
2026-03-11 07:00:34,737 - INFO - New message received: RiskY traDE \u2620
\U0001f449\U0001f3feBUY XAUUSD now
\U0001f6d1 SL 5114
\u2705 TP 5205
\u2705 TP 5210
\u2705 TP 5215
\u2705 TP 5220
\u2705 TP 5225
\u2705 TP 5230
\u2705 TP 5235
\u2705 TP open
disclaimer: For copy trading make sure your the bot work perfectly SL and TP is set.
Past Profits do not predict future earnings. Risk only 1-3 % per position.
No automatic reward.
2026-03-11 07:00:34,756 - INFO - MT5 initialized successfully
2026-03-11 07:00:34,757 - INFO - Calculated lot size <= 0 for XAUUSD. Aborting trade.
2026-03-11 07:02:41,534 - INFO - MT5 initialized successfully
2026-03-11 07:02:41,534 - INFO - MT5 initialized successfully.
2026-03-11 07:02:41,535 - INFO - Runner position has been enabled via UI.
2026-03-11 07:02:44,159 - INFO - Listener thread started.
2026-03-11 07:02:44,160 - INFO - Connecting to 149.154.167.92:443/TcpFull...
2026-03-11 07:02:44,221 - INFO - Connection to 149.154.167.92:443/TcpFull complete!
2026-03-11 07:02:44,948 - INFO - Connected to channel: Demo_trading_trial
2026-03-11 07:02:44,948 - INFO - Telegram listener started
2026-03-11 07:02:59,014 - INFO - New message received: RiskY traDE \u2620
\U0001f449\U0001f3feBUY XAUUSD now
\U0001f6d1 SL 5114
\u2705 TP 5205
\u2705 TP 5210
\u2705 TP 5215
\u2705 TP 5220
\u2705 TP 5225
\u2705 TP 5230
\u2705 TP 5235
\u2705 TP open
disclaimer: For copy trading make sure your the bot work perfectly SL and TP is set.
Past Profits do not predict future earnings. Risk only 1-3 % per position.
No automatic reward.
2026-03-11 07:02:59,016 - INFO - Executing trade XAUUSD buy: total_lot=0.95, positions=6, used_tps=[5205.0, 5210.0, 5215.0, 5220.0, 5225.0], runner_enabled=True, fixed_sl=5194.16
2026-03-11 07:02:59,016 - INFO - Opening TP position for XAUUSD buy lot=0.1100 TP=5205.0 SL=5194.16
2026-03-11 07:02:59,282 - INFO - Order executed XAUUSD BUY
2026-03-11 07:02:59,282 - INFO - Opening TP position for XAUUSD buy lot=0.0100 TP=5210.0 SL=5194.16
2026-03-11 07:02:59,283 - INFO - Order failed for XAUUSD BUY: OrderSendResult(retcode=10019, deal=0, order=0, volume=0.0, price=0.0, bid=0.0, ask=0.0, comment='No money', request_id=0, retcode_external=0, request=TradeRequest(action=1, magic=123456, order=0, symbol='XAUUSD', volume=0.01, price=5199.18, stoplimit=0.0, sl=5194.16, tp=5210.0, deviation=20, type=0, type_filling=1, type_time=0, expiration=0, comment='telegram_copy_trade', position=0, position_by=0))
2026-03-11 07:02:59,284 - INFO - Opening TP position for XAUUSD buy lot=0.0100 TP=5215.0 SL=5194.16
2026-03-11 07:02:59,284 - INFO - Order failed for XAUUSD BUY: OrderSendResult(retcode=10019, deal=0, order=0, volume=0.0, price=0.0, bid=0.0, ask=0.0, comment='No money', request_id=0, retcode_external=0, request=TradeRequest(action=1, magic=123456, order=0, symbol='XAUUSD', volume=0.01, price=5199.18, stoplimit=0.0, sl=5194.16, tp=5215.0, deviation=20, type=0, type_filling=1, type_time=0, expiration=0, comment='telegram_copy_trade', position=0, position_by=0))
2026-03-11 07:02:59,285 - INFO - Opening TP position for XAUUSD buy lot=0.0100 TP=5220.0 SL=5194.16
2026-03-11 07:02:59,285 - INFO - Order failed for XAUUSD BUY: OrderSendResult(retcode=10019, deal=0, order=0, volume=0.0, price=0.0, bid=0.0, ask=0.0, comment='No money', request_id=0, retcode_external=0, request=TradeRequest(action=1, magic=123456, order=0, symbol='XAUUSD', volume=0.01, price=5199.18, stoplimit=0.0, sl=5194.16, tp=5220.0, deviation=20, type=0, type_filling=1, type_time=0, expiration=0, comment='telegram_copy_trade', position=0, position_by=0))
2026-03-11 07:02:59,286 - INFO - Opening TP position for XAUUSD buy lot=0.0100 TP=5225.0 SL=5194.16
2026-03-11 07:02:59,286 - INFO - Order failed for XAUUSD BUY: OrderSendResult(retcode=10019, deal=0, order=0, volume=0.0, price=0.0, bid=0.0, ask=0.0, comment='No money', request_id=0, retcode_external=0, request=TradeRequest(action=1, magic=123456, order=0, symbol='XAUUSD', volume=0.01, price=5199.18, stoplimit=0.0, sl=5194.16, tp=5225.0, deviation=20, type=0, type_filling=1, type_time=0, expiration=0, comment='telegram_copy_trade', position=0, position_by=0))
2026-03-11 07:02:59,287 - INFO - Opening runner position for XAUUSD buy lot=0.0100 SL=5194.16
2026-03-11 07:02:59,288 - INFO - Order failed for XAUUSD BUY: OrderSendResult(retcode=10019, deal=0, order=0, volume=0.0, price=0.0, bid=0.0, ask=0.0, comment='No money', request_id=0, retcode_external=0, request=TradeRequest(action=1, magic=123456, order=0, symbol='XAUUSD', volume=0.01, price=5199.18, stoplimit=0.0, sl=5194.16, tp=0.0, deviation=20, type=0, type_filling=1, type_time=0, expiration=0, comment='telegram_copy_trade', position=0, position_by=0))
2026-03-11 07:02:59,289 - INFO - Break-even monitor started for XAUUSD buy. first_trigger=5205.0
2026-03-11 07:10:17,125 - INFO - MT5 initialized successfully
2026-03-11 07:10:17,127 - INFO - MT5 initialized successfully.
2026-03-11 07:10:17,127 - INFO - Runner position has been enabled via UI.
2026-03-11 07:10:21,037 - INFO - Listener thread started.
2026-03-11 07:10:21,039 - INFO - Connecting to 149.154.167.92:443/TcpFull...
2026-03-11 07:10:21,081 - INFO - Connection to 149.154.167.92:443/TcpFull complete!
2026-03-11 07:10:21,827 - INFO - Connected to channel: Demo_trading_trial
2026-03-11 07:10:21,828 - INFO - Telegram listener started
2026-03-11 07:10:48,272 - INFO - New message received: RiskY traDE \u2620
\U0001f449\U0001f3feBUY XAUUSD now
\U0001f6d1 SL 5114
\u2705 TP 5205
\u2705 TP 5210
\u2705 TP 5215
\u2705 TP 5220
\u2705 TP 5225
\u2705 TP 5230
\u2705 TP 5235
\u2705 TP open
disclaimer: For copy trading make sure your the bot work perfectly SL and TP is set.
Past Profits do not predict future earnings. Risk only 1-3 % per position.
No automatic reward.
2026-03-11 07:10:48,275 - INFO - Planned sizing for XAUUSD buy: risk_total_lot=1.0000, margin_total_lot=0.1245, planned_total_lot=0.1200, per_position_lot=0.0200
2026-03-11 07:10:48,276 - INFO - Executing trade XAUUSD buy: planned_total_lot=0.1200, positions=6, used_tps=[5205.0, 5210.0, 5215.0, 5220.0, 5225.0], runner_enabled=True, fixed_sl=5198.82, per_position_lot=0.0200
2026-03-11 07:10:48,276 - INFO - Opening TP position for XAUUSD buy lot=0.0200 TP=5205.0 SL=5198.82
2026-03-11 07:10:48,346 - INFO - Order executed XAUUSD BUY
2026-03-11 07:10:48,346 - INFO - Opening TP position for XAUUSD buy lot=0.0200 TP=5210.0 SL=5198.82
2026-03-11 07:10:48,410 - INFO - Order executed XAUUSD BUY
2026-03-11 07:10:48,410 - INFO - Opening TP position for XAUUSD buy lot=0.0200 TP=5215.0 SL=5198.82
2026-03-11 07:10:48,473 - INFO - Order executed XAUUSD BUY
2026-03-11 07:10:48,473 - INFO - Opening TP position for XAUUSD buy lot=0.0200 TP=5220.0 SL=5198.82
2026-03-11 07:10:48,535 - INFO - Order executed XAUUSD BUY
2026-03-11 07:10:48,535 - INFO - Opening TP position for XAUUSD buy lot=0.0200 TP=5225.0 SL=5198.82
2026-03-11 07:10:48,604 - INFO - Order executed XAUUSD BUY
2026-03-11 07:10:48,605 - INFO - Opening runner position for XAUUSD buy lot=0.0200 SL=5198.82
2026-03-11 07:10:48,669 - INFO - Order executed XAUUSD BUY
2026-03-11 07:10:48,669 - INFO - Runner position confirmed open for XAUUSD (retcode=10009)
2026-03-11 07:10:48,670 - INFO - Break-even monitor started for XAUUSD buy. first_trigger=5205.0
2026-03-11 07:12:16,693 - INFO - XAUUSD ASK 5205.05 reached TP1 trigger 5205.0. Moving all SLs to exact break-even.
2026-03-11 07:12:16,755 - INFO - Modified targets for 151767390335: sl=5203.82, tp=5205.0, result=OrderSendResult(retcode=10009, deal=0, order=0, volume=0.0, price=0.0, bid=0.0, ask=0.0, comment='Request executed', request_id=3982600744, retcode_external=0, request=TradeRequest(action=6, magic=123456, order=0, symbol='XAUUSD', volume=0.0, price=0.0, stoplimit=0.0, sl=5203.82, tp=5205.0, deviation=0, type=0, type_filling=0, type_time=0, expiration=0, comment='move_to_break_even', position=151767390335, position_by=0))
2026-03-11 07:12:16,755 - INFO - Break-even SL update: ticket=151767390335 symbol=XAUUSD type=0 old_sl=5198.82 new_sl=5203.82 buffer=0.0
2026-03-11 07:12:16,836 - INFO - Modified targets for 151767390339: sl=5203.82, tp=5210.0, result=OrderSendResult(retcode=10009, deal=0, order=0, volume=0.0, price=0.0, bid=0.0, ask=0.0, comment='Request executed', request_id=3982600745, retcode_external=0, request=TradeRequest(action=6, magic=123456, order=0, symbol='XAUUSD', volume=0.0, price=0.0, stoplimit=0.0, sl=5203.82, tp=5210.0, deviation=0, type=0, type_filling=0, type_time=0, expiration=0, comment='move_to_break_even', position=151767390339, position_by=0))
2026-03-11 07:12:16,836 - INFO - Break-even SL update: ticket=151767390339 symbol=XAUUSD type=0 old_sl=5198.82 new_sl=5203.82 buffer=0.0
2026-03-11 07:12:16,899 - INFO - Modified targets for 151767390342: sl=5203.84, tp=5215.0, result=OrderSendResult(retcode=10009, deal=0, order=0, volume=0.0, price=0.0, bid=0.0, ask=0.0, comment='Request executed', request_id=3982600746, retcode_external=0, request=TradeRequest(action=6, magic=123456, order=0, symbol='XAUUSD', volume=0.0, price=0.0, stoplimit=0.0, sl=5203.84, tp=5215.0, deviation=0, type=0, type_filling=0, type_time=0, expiration=0, comment='move_to_break_even', position=151767390342, position_by=0))
2026-03-11 07:12:16,899 - INFO - Break-even SL update: ticket=151767390342 symbol=XAUUSD type=0 old_sl=5198.82 new_sl=5203.84 buffer=0.0
2026-03-11 07:12:16,961 - INFO - Modified targets for 151767390345: sl=5203.81, tp=5220.0, result=OrderSendResult(retcode=10009, deal=0, order=0, volume=0.0, price=0.0, bid=0.0, ask=0.0, comment='Request executed', request_id=3982600747, retcode_external=0, request=TradeRequest(action=6, magic=123456, order=0, symbol='XAUUSD', volume=0.0, price=0.0, stoplimit=0.0, sl=5203.81, tp=5220.0, deviation=0, type=0, type_filling=0, type_time=0, expiration=0, comment='move_to_break_even', position=151767390345, position_by=0))
2026-03-11 07:12:16,962 - INFO - Break-even SL update: ticket=151767390345 symbol=XAUUSD type=0 old_sl=5198.82 new_sl=5203.81 buffer=0.0
2026-03-11 07:12:17,036 - INFO - Modified targets for 151767390347: sl=5203.81, tp=5225.0, result=OrderSendResult(retcode=10009, deal=0, order=0, volume=0.0, price=0.0, bid=0.0, ask=0.0, comment='Request executed', request_id=3982600748, retcode_external=0, request=TradeRequest(action=6, magic=123456, order=0, symbol='XAUUSD', volume=0.0, price=0.0, stoplimit=0.0, sl=5203.81, tp=5225.0, deviation=0, type=0, type_filling=0, type_time=0, expiration=0, comment='move_to_break_even', position=151767390347, position_by=0))
2026-03-11 07:12:17,037 - INFO - Break-even SL update: ticket=151767390347 symbol=XAUUSD type=0 old_sl=5198.82 new_sl=5203.81 buffer=0.0
2026-03-11 07:12:17,105 - INFO - Modified targets for 151767390348: sl=5203.81, tp=0.0, result=OrderSendResult(retcode=10009, deal=0, order=0, volume=0.0, price=0.0, bid=0.0, ask=0.0, comment='Request executed', request_id=3982600749, retcode_external=0, request=TradeRequest(action=6, magic=123456, order=0, symbol='XAUUSD', volume=0.0, price=0.0, stoplimit=0.0, sl=5203.81, tp=0.0, deviation=0, type=0, type_filling=0, type_time=0, expiration=0, comment='move_to_break_even', position=151767390348, position_by=0))
2026-03-11 07:12:17,105 - INFO - Break-even SL update: ticket=151767390348 symbol=XAUUSD type=0 old_sl=5198.82 new_sl=5203.81 buffer=0.0
2026-03-11 07:12:17,105 - INFO - All positions moved to exact break-even
2026-03-11 07:29:07,214 - INFO - MT5 initialized successfully
2026-03-11 07:29:07,215 - INFO - MT5 initialized successfully.
2026-03-11 07:29:07,215 - INFO - Runner position has been enabled via UI.
2026-03-11 07:29:09,681 - INFO - Listener thread started.
2026-03-11 07:29:09,682 - INFO - Connecting to 149.154.167.92:443/TcpFull...
2026-03-11 07:29:09,688 - INFO - Connection to 149.154.167.92:443/TcpFull complete!
2026-03-11 07:29:10,173 - INFO - Connected to channel: 100$ to 30000$ year 2026
2026-03-11 07:29:10,173 - INFO - Telegram listener started
2026-03-11 07:30:03,190 - INFO - Got difference for channel 3470659071 updates
2026-03-11 07:30:03,191 - INFO - New message received: I don’t like it close the trade now
2026-03-11 07:30:03,200 - INFO - New message received: We can’t survive big drawdown 
Wait for my instructions
2026-03-11 07:35:12,707 - INFO - New message received: RiskY traDE \u2620\ufe0f
\U0001f449\U0001f3fesell XAUUSD now 
\U0001f6d1 SL 5229
\u2705 TP 5200
\u2705 TP 5195
\u2705 TP 5190
\u2705 TP 5185
\u2705 TP 5180
\u2705 TP 5175
\u2705 TP 5170
\u2705 TP open 
disclaimer: For copy trading make sure your the bot work perfectly SL and TP is set. 
Past Profits do not predict future earnings. Risk only 1-3 % per position.
No automatic reward.
2026-03-11 07:35:12,711 - INFO - Planned sizing for XAUUSD sell: risk_total_lot=1.0000, margin_total_lot=0.1344, planned_total_lot=0.1200, per_position_lot=0.0200
2026-03-11 07:35:12,712 - INFO - Executing trade XAUUSD sell: planned_total_lot=0.1200, positions=6, used_tps=[5200.0, 5195.0, 5190.0, 5185.0, 5180.0], runner_enabled=True, fixed_sl=5206.75, per_position_lot=0.0200
2026-03-11 07:35:12,712 - INFO - Opening TP position for XAUUSD sell lot=0.0200 TP=5200.0 SL=5206.75
2026-03-11 07:35:12,778 - INFO - Order executed XAUUSD SELL
2026-03-11 07:35:12,778 - INFO - Opening TP position for XAUUSD sell lot=0.0200 TP=5195.0 SL=5206.75
2026-03-11 07:35:12,846 - INFO - Order executed XAUUSD SELL
2026-03-11 07:35:12,846 - INFO - Opening TP position for XAUUSD sell lot=0.0200 TP=5190.0 SL=5206.75
2026-03-11 07:35:12,914 - INFO - Order executed XAUUSD SELL
2026-03-11 07:35:12,915 - INFO - Opening TP position for XAUUSD sell lot=0.0200 TP=5185.0 SL=5206.75
2026-03-11 07:35:12,985 - INFO - Order executed XAUUSD SELL
2026-03-11 07:35:12,985 - INFO - Opening TP position for XAUUSD sell lot=0.0200 TP=5180.0 SL=5206.75
2026-03-11 07:35:13,050 - INFO - Order executed XAUUSD SELL
2026-03-11 07:35:13,050 - INFO - Opening runner position for XAUUSD sell lot=0.0200 SL=5206.75
2026-03-11 07:35:13,116 - INFO - Order executed XAUUSD SELL
2026-03-11 07:35:13,116 - INFO - Runner position confirmed open for XAUUSD (retcode=10009)
2026-03-11 07:35:13,117 - INFO - Break-even monitor started for XAUUSD sell. first_trigger=5200.0
2026-03-11 07:40:59,193 - INFO - XAUUSD BID 5199.98 reached TP1 trigger 5200.0. Moving all SLs to exact break-even.
2026-03-11 07:40:59,271 - INFO - Modified targets for 151767481979: sl=5201.7, tp=5200.0, result=OrderSendResult(retcode=10036, deal=0, order=0, volume=0.0, price=0.0, bid=0.0, ask=0.0, comment="Position doesn't exist", request_id=3982600756, retcode_external=0, request=TradeRequest(action=6, magic=123456, order=0, symbol='XAUUSD', volume=0.0, price=0.0, stoplimit=0.0, sl=5201.7, tp=5200.0, deviation=0, type=0, type_filling=0, type_time=0, expiration=0, comment='move_to_break_even', position=151767481979, position_by=0))
2026-03-11 07:40:59,271 - INFO - Break-even SL update: ticket=151767481979 symbol=XAUUSD type=1 old_sl=5206.75 new_sl=5201.7 buffer=0.0
2026-03-11 07:40:59,333 - INFO - Modified targets for 151767481982: sl=5201.7, tp=5195.0, result=OrderSendResult(retcode=10009, deal=0, order=0, volume=0.0, price=0.0, bid=0.0, ask=0.0, comment='Request executed', request_id=3982600757, retcode_external=0, request=TradeRequest(action=6, magic=123456, order=0, symbol='XAUUSD', volume=0.0, price=0.0, stoplimit=0.0, sl=5201.7, tp=5195.0, deviation=0, type=0, type_filling=0, type_time=0, expiration=0, comment='move_to_break_even', position=151767481982, position_by=0))
2026-03-11 07:40:59,334 - INFO - Break-even SL update: ticket=151767481982 symbol=XAUUSD type=1 old_sl=5206.75 new_sl=5201.7 buffer=0.0
2026-03-11 07:40:59,555 - INFO - Modified targets for 151767481985: sl=5201.67, tp=5190.0, result=OrderSendResult(retcode=10009, deal=0, order=0, volume=0.0, price=0.0, bid=0.0, ask=0.0, comment='Request executed', request_id=3982600758, retcode_external=0, request=TradeRequest(action=6, magic=123456, order=0, symbol='XAUUSD', volume=0.0, price=0.0, stoplimit=0.0, sl=5201.67, tp=5190.0, deviation=0, type=0, type_filling=0, type_time=0, expiration=0, comment='move_to_break_even', position=151767481985, position_by=0))
2026-03-11 07:40:59,556 - INFO - Break-even SL update: ticket=151767481985 symbol=XAUUSD type=1 old_sl=5206.75 new_sl=5201.67 buffer=0.0
2026-03-11 07:40:59,616 - INFO - Modified targets for 151767481986: sl=5201.67, tp=5185.0, result=OrderSendResult(retcode=10009, deal=0, order=0, volume=0.0, price=0.0, bid=0.0, ask=0.0, comment='Request executed', request_id=3982600759, retcode_external=0, request=TradeRequest(action=6, magic=123456, order=0, symbol='XAUUSD', volume=0.0, price=0.0, stoplimit=0.0, sl=5201.67, tp=5185.0, deviation=0, type=0, type_filling=0, type_time=0, expiration=0, comment='move_to_break_even', position=151767481986, position_by=0))
2026-03-11 07:40:59,616 - INFO - Break-even SL update: ticket=151767481986 symbol=XAUUSD type=1 old_sl=5206.75 new_sl=5201.67 buffer=0.0
2026-03-11 07:40:59,677 - INFO - Modified targets for 151767481988: sl=5201.67, tp=5180.0, result=OrderSendResult(retcode=10009, deal=0, order=0, volume=0.0, price=0.0, bid=0.0, ask=0.0, comment='Request executed', request_id=3982600760, retcode_external=0, request=TradeRequest(action=6, magic=123456, order=0, symbol='XAUUSD', volume=0.0, price=0.0, stoplimit=0.0, sl=5201.67, tp=5180.0, deviation=0, type=0, type_filling=0, type_time=0, expiration=0, comment='move_to_break_even', position=151767481988, position_by=0))
2026-03-11 07:40:59,677 - INFO - Break-even SL update: ticket=151767481988 symbol=XAUUSD type=1 old_sl=5206.75 new_sl=5201.67 buffer=0.0
2026-03-11 07:40:59,738 - INFO - Modified targets for 151767481992: sl=5201.67, tp=0.0, result=OrderSendResult(retcode=10009, deal=0, order=0, volume=0.0, price=0.0, bid=0.0, ask=0.0, comment='Request executed', request_id=3982600761, retcode_external=0, request=TradeRequest(action=6, magic=123456, order=0, symbol='XAUUSD', volume=0.0, price=0.0, stoplimit=0.0, sl=5201.67, tp=0.0, deviation=0, type=0, type_filling=0, type_time=0, expiration=0, comment='move_to_break_even', position=151767481992, position_by=0))
2026-03-11 07:40:59,738 - INFO - Break-even SL update: ticket=151767481992 symbol=XAUUSD type=1 old_sl=5206.75 new_sl=5201.67 buffer=0.0
2026-03-11 07:40:59,738 - INFO - All positions moved to exact break-even
2026-03-11 07:41:03,905 - INFO - New message received: This one might be dropping all the way
2026-03-11 07:41:04,062 - INFO - New message received: \u2705 Our first TP successfully hit \u2705 

COPY TRADERS check your account if you trades is not SET TO TP AND SL CONTACT for manual traders you can put your self SUPPORT FOR HELP  another positions  STILL ON MAKE SURE
2026-03-11 07:44:23,102 - INFO - New message received: \u2705 Our SECOND TP successfully hit \u2705 

COPY TRADERS check your account SET TP AND SL 
Others make sure you sure you follow my instructions well
2026-03-11 07:45:07,326 - INFO - New message received: Move stop loss to break even
2026-03-11 07:45:07,331 - INFO - Modified targets for 151767481985: sl=5201.67, tp=5190.0, result=OrderSendResult(retcode=10025, deal=0, order=0, volume=0.0, price=0.0, bid=0.0, ask=0.0, comment='No changes', request_id=0, retcode_external=0, request=TradeRequest(action=6, magic=123456, order=0, symbol='XAUUSD', volume=0.0, price=0.0, stoplimit=0.0, sl=5201.67, tp=5190.0, deviation=0, type=0, type_filling=0, type_time=0, expiration=0, comment='move_to_break_even', position=151767481985, position_by=0))
2026-03-11 07:45:07,339 - INFO - Break-even SL update: ticket=151767481985 symbol=XAUUSD type=1 old_sl=5201.67 new_sl=5201.67 buffer=0.0
2026-03-11 07:45:07,340 - INFO - Modified targets for 151767481986: sl=5201.67, tp=5185.0, result=OrderSendResult(retcode=10025, deal=0, order=0, volume=0.0, price=0.0, bid=0.0, ask=0.0, comment='No changes', request_id=0, retcode_external=0, request=TradeRequest(action=6, magic=123456, order=0, symbol='XAUUSD', volume=0.0, price=0.0, stoplimit=0.0, sl=5201.67, tp=5185.0, deviation=0, type=0, type_filling=0, type_time=0, expiration=0, comment='move_to_break_even', position=151767481986, position_by=0))
2026-03-11 07:45:07,340 - INFO - Break-even SL update: ticket=151767481986 symbol=XAUUSD type=1 old_sl=5201.67 new_sl=5201.67 buffer=0.0
2026-03-11 07:45:07,341 - INFO - Modified targets for 151767481988: sl=5201.67, tp=5180.0, result=OrderSendResult(retcode=10025, deal=0, order=0, volume=0.0, price=0.0, bid=0.0, ask=0.0, comment='No changes', request_id=0, retcode_external=0, request=TradeRequest(action=6, magic=123456, order=0, symbol='XAUUSD', volume=0.0, price=0.0, stoplimit=0.0, sl=5201.67, tp=5180.0, deviation=0, type=0, type_filling=0, type_time=0, expiration=0, comment='move_to_break_even', position=151767481988, position_by=0))
2026-03-11 07:45:07,341 - INFO - Break-even SL update: ticket=151767481988 symbol=XAUUSD type=1 old_sl=5201.67 new_sl=5201.67 buffer=0.0
2026-03-11 07:45:07,342 - INFO - Modified targets for 151767481992: sl=5201.67, tp=0.0, result=OrderSendResult(retcode=10025, deal=0, order=0, volume=0.0, price=0.0, bid=0.0, ask=0.0, comment='No changes', request_id=0, retcode_external=0, request=TradeRequest(action=6, magic=123456, order=0, symbol='XAUUSD', volume=0.0, price=0.0, stoplimit=0.0, sl=5201.67, tp=0.0, deviation=0, type=0, type_filling=0, type_time=0, expiration=0, comment='move_to_break_even', position=151767481992, position_by=0))
2026-03-11 07:45:07,342 - INFO - Break-even SL update: ticket=151767481992 symbol=XAUUSD type=1 old_sl=5201.67 new_sl=5201.67 buffer=0.0
2026-03-11 07:45:07,342 - INFO - All positions moved to exact break-even
2026-03-11 08:29:11,058 - INFO - Got difference for channel 2629379150 updates
2026-03-11 08:34:07,986 - INFO - New message received: \u2705 Our 3rd TP successfully hit \u2705 

COPY TRADERS check your account SET TP AND SL 
Others make sure you sure you follow my instructions well
2026-03-11 08:34:17,606 - INFO - New message received: This is what it means trading with discipline not emotions
Congratulations again everyone for successful day
2026-03-11 08:37:05,742 - INFO - New message received: Share your account and trade to my team 
#Rrrrrrraaaaaaaaaaa
2026-03-11 08:41:23,754 - INFO - New message received: \u2705 Our 4th  TP successfully hit \u2705 

COPY TRADERS check your account SET TP AND SL 
Others make sure you follow my instructions well
2026-03-11 09:11:13,820 - INFO - New message received: Today so far started from 100 like AB
2026-03-11 09:13:36,081 - INFO - New message received: Full closed  thank you\U0001f64f\U0001f3fe
2026-03-11 09:14:11,148 - INFO - Got difference for channel 1799443074 updates
2026-03-11 09:23:33,184 - INFO - New message received: 
2026-03-11 09:24:05,833 - INFO - New message received: We are super blessed for real
2026-03-11 09:24:06,007 - INFO - New message received: Be took me out but I have testimonies I’ve passed 2 phases of FundedNext account and get funded this morning this is my first time ever passing prop account and I did this because of ab marshal I can’t thank him enough thank you so much \U0001f64f
2026-03-11 09:29:11,251 - INFO - Got difference for channel 1799443074 updates
2026-03-11 09:42:22,296 - INFO - New message received: \u2705 Our 5th  TP successfully hit \u2705 

COPY TRADERS check your account SET TP AND SL 
Others make sure you follow my instructions well
2026-03-11 09:42:41,342 - INFO - New message received: \u2705 Our 6th TP successfully hit \u2705 

COPY TRADERS check your account SET TP AND SL 
Others make sure you follow my instructions well
2026-03-11 09:44:18,977 - INFO - New message received: Bro I live in germany for 8 years i never see this much money in my life 
My small brother told me about you 2 years ago and ask me to deposit for him in your previous challenge 
This year we both joined 
I’m very grateful Ab Marshall I finally going to visit my family in Ethiopia you know how life hard wich hager lay tebarek wendime hulachim ameseginalew
2026-03-11 09:56:33,066 - INFO - New message received: Profit with discipline. Blessed man \U0001f64f\U0001f64f
Thanks AB, the Lord of Forex Trading \U0001fac5
2026-03-11 09:56:33,075 - INFO - New message received: 
2026-03-11 09:56:33,112 - INFO - New message received: 
2026-03-11 09:56:43,114 - INFO - New message received: Reached 2k and lost it all due to poor risk management started from the bottom and we’re here again thanks to you \U0001f64f\U0001f64f you are not just a trader you are a legend, changing lives out here thank you!!
2026-03-11 09:59:11,529 - INFO - Got difference for channel 1799443074 updates
2026-03-11 10:20:48,037 - INFO - New message received: Marshal you are the undisputed King of Gold!\U0001f44c Your precision in the market is unmatched, and your signals are changing lives every day. Thank you for being a mentor and a true leader in the Forex world\U0001f64f Deep respect to the Goat of Gold Trading! May Allah reward you; I have kept you in my prayers (Du'a) during this holy month of Ramadan.
2026-03-11 10:27:02,269 - INFO - MT5 initialized successfully
2026-03-11 10:27:02,270 - INFO - MT5 initialized successfully.
2026-03-11 10:27:02,270 - INFO - Runner position has been enabled via UI.
2026-03-11 10:27:06,993 - INFO - Listener thread started.
2026-03-11 10:27:06,997 - INFO - Connecting to 149.154.167.92:443/TcpFull...
2026-03-11 10:27:07,025 - INFO - Connection to 149.154.167.92:443/TcpFull complete!
2026-03-11 10:27:07,603 - INFO - Connected to channel: 100$ to 30000$ year 2026
2026-03-11 10:27:07,604 - INFO - Telegram listener started
2026-03-11 10:42:07,541 - WARNING - Cannot get difference since the account is likely misusing the session: Could not find a matching Constructor ID for the TLObject that was supposed to be read with ID 83259464. See the FAQ for more details. Remaining bytes: b'd\x94%\x83  \x00\x00\x01\x00\x00\x00\xf5^+x\x00\x00\x00\x00\x8c z\x98v\x96\xd2d\x11Programmer \xe2\x99\xa8\xef\xb8\x8f\x00\x00\x11\x1cn\x1c\x02\x00\x00\x00\xc6\xd61\x1b\x1c\xb3\tK\x0f\x01\x08\x08\xccb\xa5G\xf7\xbb\xd1E\x15\xd1p?\x02\x00\x00\x00\x7f\xd2\x99i\x15\xc4\xb5\x1c\x07\x00\x00\x00G6\x07\xb4\x02\x00\x00\x00\nprogrammer\x00G6\x07\xb4\x02\x00\x00\x00\x07programG6\x07\xb4\x02\x00\x00\x00\x0bapplicationG6\x07\xb4\x02\x00\x00\x00\x06source\x00G6\x07\xb4\x02\x00\x00\x00\x08internet\x00\x00\x00G6\x07\xb4\x02\x00\x00\x00\nfreelancer\x00G6\x07\xb4\x02\x00\x00\x00\x07careers\x15\xc4\xb5\x1c\x00\x00\x00\x00>*l\xa5\xd2\x1e\x00\x00\x00\x00\x00\x00\xef8\xb1i\x12\x03\x00\x00\x03\x00\x00\x00'
2026-03-11 10:42:07,541 - INFO - Disconnecting from 149.154.167.92:443/TcpFull...
2026-03-11 10:42:07,542 - INFO - Disconnection from 149.154.167.92:443/TcpFull complete!
2026-03-11 10:42:07,548 - INFO - Not disconnecting (already have no connection)
2026-03-11 20:02:33,504 - INFO - MT5 initialized successfully
2026-03-11 20:02:33,505 - INFO - MT5 initialized successfully.
2026-03-11 20:02:33,506 - INFO - Runner position has been enabled via UI.
2026-03-11 20:02:38,211 - INFO - Listener thread started.
2026-03-11 20:02:38,212 - INFO - Connecting to 149.154.167.92:443/TcpFull...
2026-03-11 20:02:38,220 - INFO - Connection to 149.154.167.92:443/TcpFull complete!
2026-03-11 20:02:38,839 - INFO - Connected to channel: 100$ to 30000$ year 2026
2026-03-11 20:02:38,840 - INFO - Telegram listener started
2026-03-11 20:47:39,596 - INFO - Got difference for channel 1799443074 updates
2026-03-11 21:47:39,640 - INFO - Got difference for channel 2629379150 updates
2026-03-11 21:58:56,830 - INFO - MT5 initialization failed
2026-03-11 21:58:56,831 - INFO - MT5 initialization failed. Check terminal and account settings.
2026-03-11 21:58:56,831 - INFO - Runner position has been enabled via UI.
2026-03-11 22:10:44,472 - INFO - MT5 initialized successfully
2026-03-11 22:10:44,472 - INFO - MT5 initialized successfully.
2026-03-11 22:10:44,472 - INFO - Runner position has been enabled via UI.
2026-03-11 22:12:23,515 - INFO - Listener thread started.
2026-03-11 22:12:23,517 - INFO - Connecting to 149.154.167.92:443/TcpFull...
2026-03-11 22:12:23,523 - INFO - Connection to 149.154.167.92:443/TcpFull complete!
2026-03-11 22:12:24,068 - INFO - Connected to channel: 100$ to 30000$ year 2026
2026-03-11 22:12:24,069 - INFO - Telegram listener started
2026-03-11 22:57:24,278 - INFO - Got difference for channel 1300741465 updates
2026-03-12 02:57:26,046 - INFO - Got difference for channel 1300741465 updates
2026-03-12 03:45:54,030 - INFO - New message received: Good morning
2026-03-12 03:47:06,902 - INFO - New message received: Sell gold
2026-03-12 03:47:06,904 - INFO - Cannot get current market price for XAUUSD.
2026-03-12 03:50:15,872 - INFO - New message received: RiskY traDE \u2620\ufe0f
\U0001f449\U0001f3fesell XAUUSD now at 5153
\U0001f6d1 SL 5175
\u2705 TP 5148
\u2705 TP 5143
\u2705 TP 5138
\u2705 TP 5133
\u2705 TP 5128
\u2705 TP 5123
\u2705 TP 5118
\u2705 TP open 
disclaimer: For copy trading make sure your the bot work perfectly SL and TP is set. 
Past Profits do not predict future earnings. Risk only 1-3 % per position.
No automatic reward.
2026-03-12 03:50:15,876 - INFO - Cannot get current market price for XAUUSD.
2026-03-12 03:51:38,073 - INFO - New message received: \u2705 Our first TP successfully hit \u2705 

COPY TRADERS check your account if you trades is not SET TO TP AND SL CONTACT for manual traders you can put your self SUPPORT FOR HELP  another positions  STILL ON MAKE SURE
2026-03-12 04:18:17,005 - INFO - New message received: \u2705 Our SECOND TP successfully hit \u2705 

COPY TRADERS check your account SET TP AND SL 
Others make sure you sure you follow my instructions well
2026-03-12 04:19:09,160 - INFO - New message received: Sorry gang 
I put times same TP
2026-03-12 04:19:09,170 - INFO - New message received: Sorry it was first TP lol
2026-03-12 04:21:35,626 - INFO - New message received: 
2026-03-12 04:42:26,634 - INFO - Got difference for channel 1523353611 updates
2026-03-12 05:48:08,689 - INFO - New message received: \u2705 Our SECOND TP successfully hit \u2705 

COPY TRADERS check your account SET TP AND SL 
Others make sure you you follow my instructions well
2026-03-12 05:56:59,832 - INFO - New message received: Move stop loss to breakeven
2026-03-12 06:27:05,397 - INFO - New message received: \u2705 Our 3rd TP successfully hit \u2705 

COPY TRADERS check your account SET TP AND SL 
Others make sure you  follow my instructions well
2026-03-12 06:28:10,782 - INFO - New message received: Everyday we wake up and eat lol 
Total madness
2026-03-12 06:28:10,882 - INFO - New message received: #Rrrrrrraaaaaaaaaaa
2026-03-12 06:28:54,263 - INFO - New message received: Send your account balance and trade to my team
2026-03-12 06:30:15,265 - INFO - New message received: Congratulations again everyone
2026-03-12 06:35:46,660 - INFO - New message received: I love when you guys eat 
We are super blessed my plan is to make 500 millionaires in 2026 so far the plan is working let’s goooooooooooo
2026-03-12 06:35:46,795 - INFO - New message received: Marshal I don't know what i have to say thank you my brother my big supporter you did a lot of things for us my god bless you \U0001f64f
2026-03-12 06:36:26,639 - INFO - New message received: I love when you guys eat 
We are super blessed my plan is to make 500 millionaires in 2026 so far the plan is working let’s goooooooooooo
2026-03-12 06:42:27,273 - INFO - Got difference for account updates
